<?xml version="1.0" encoding="UTF-8"?>
<testsuite xmlns:xsi="http://www.w3.org/2001/XMLSchema-instance" xsi:noNamespaceSchemaLocation="https://maven.apache.org/surefire/maven-surefire-plugin/xsd/surefire-test-report-3.0.xsd" version="3.0" name="co.unicauca.gestiontrabajogrado.domain.service.ProyectoGradoServiceTest" time="1.998" tests="49" errors="0" skipped="0" failures="0">
  <properties>
[...]
</properties>
  <testcase name="subirNuevaVersion_proyectoNoPuedeSubir_lanzaExcepcion" classname="co.unicauca.gestiontrabajogrado.domain.service.ProyectoGradoServiceTest" time="1.549">
    <system-err><![CDATA[Mockito is currently self-attaching to enable the inline-mock-maker. This will no longer work in future releases of the JDK. Please add Mockito as an agent to your build as described in Mockito's documentation: https://javadoc.io/doc/org.mockito/mockito-core/latest/org.mockito/org/mockito/Mockito.html#0.3
WARNING: A Java agent has been loaded dynamically (C:\Users\YEIMY\.m2\repository\net\bytebuddy\byte-buddy-agent\1.17.6\byte-buddy-agent-1.17.6.jar)
WARNING: If a serviceability tool is in use, please run with -XX:+EnableDynamicAgentLoading to hide this warning
WARNING: If a serviceability tool is not in use, please run with -Djdk.instrument.traceUsage for more information
WARNING: Dynamic loading of agents will be disallowed by default in a future release
]]></system-err>
  </testcase>
  <testcase name="subirNuevaVersion_practicaProfesional_cartaNoPdf_lanzaExcepcion" classname="co.unicauca.gestiontrabajogrado.domain.service.ProyectoGradoServiceTest" time="0.024"/>
  <testcase name="practicaProfesional_sinCarta_lanzaExcepcion" classname="co.unicauca.gestiontrabajogrado.domain.service.ProyectoGradoServiceTest" time="0.007"/>
  <testcase name="rechazarFormatoA_conObservacionesDetalladas_guardaCorrectamente" classname="co.unicauca.gestiontrabajogrado.domain.service.ProyectoGradoServiceTest" time="0.021"/>
  <testcase name="rechazarFormatoA_tercerIntento_rechazaDefinitivamente" classname="co.unicauca.gestiontrabajogrado.domain.service.ProyectoGradoServiceTest" time="0.007"/>
  <testcase name="subirNuevaVersion_proyectoNoExiste_lanzaExcepcion" classname="co.unicauca.gestiontrabajogrado.domain.service.ProyectoGradoServiceTest" time="0.006"/>
  <testcase name="aprobarFormato_investigacion_ok" classname="co.unicauca.gestiontrabajogrado.domain.service.ProyectoGradoServiceTest" time="0.024"/>
  <testcase name="crearNuevoProyecto_investigacionDosEstudiantes_ok" classname="co.unicauca.gestiontrabajogrado.domain.service.ProyectoGradoServiceTest" time="0.02"/>
  <testcase name="topeCincoDirecciones_falla" classname="co.unicauca.gestiontrabajogrado.domain.service.ProyectoGradoServiceTest" time="0.0"/>
  <testcase name="flujoCompletoCreacionYAprobacion_investigacion" classname="co.unicauca.gestiontrabajogrado.domain.service.ProyectoGradoServiceTest" time="0.015"/>
  <testcase name="rechazarFormatoA_segundoIntento_mantienEstadoRechazado" classname="co.unicauca.gestiontrabajogrado.domain.service.ProyectoGradoServiceTest" time="0.009"/>
  <testcase name="subirNuevaVersion_proyectoAprobado_lanzaExcepcion" classname="co.unicauca.gestiontrabajogrado.domain.service.ProyectoGradoServiceTest" time="0.012"/>
  <testcase name="subirNuevaVersion_argumentosNull_lanzaExcepciones" classname="co.unicauca.gestiontrabajogrado.domain.service.ProyectoGradoServiceTest" time="0.004"/>
  <testcase name="aprobarFormatoA_practicaProfesional_sinCarta_lanzaExcepcion" classname="co.unicauca.gestiontrabajogrado.domain.service.ProyectoGradoServiceTest" time="0.0"/>
  <testcase name="subirNuevaVersion_practicaProfesional_conCarta_ok" classname="co.unicauca.gestiontrabajogrado.domain.service.ProyectoGradoServiceTest" time="0.006"/>
  <testcase name="validarModalidadPracticaProfesional_archivoInvalido_retornaFalse" classname="co.unicauca.gestiontrabajogrado.domain.service.ProyectoGradoServiceTest" time="0.004"/>
  <testcase name="crearNuevoProyecto_archivoNull_lanzaExcepcion" classname="co.unicauca.gestiontrabajogrado.domain.service.ProyectoGradoServiceTest" time="0.005"/>
  <testcase name="crearNuevoProyecto_estudianteNoEsEstudiante_lanzaExcepcion" classname="co.unicauca.gestiontrabajogrado.domain.service.ProyectoGradoServiceTest" time="0.008"/>
  <testcase name="practicaProfesional_ok_guardaFormatoYCarta" classname="co.unicauca.gestiontrabajogrado.domain.service.ProyectoGradoServiceTest" time="0.008"/>
  <testcase name="crearNuevoProyecto_investigacionUnEstudiante_ok" classname="co.unicauca.gestiontrabajogrado.domain.service.ProyectoGradoServiceTest" time="0.0"/>
  <testcase name="validarModalidadPracticaProfesional_archivoImagen_retornaFalse" classname="co.unicauca.gestiontrabajogrado.domain.service.ProyectoGradoServiceTest" time="0.012"/>
  <testcase name="subirNuevaVersion_investigacion_ok" classname="co.unicauca.gestiontrabajogrado.domain.service.ProyectoGradoServiceTest" time="0.004"/>
  <testcase name="rechazarFormatoA_proyectoNoExiste_lanzaExcepcion" classname="co.unicauca.gestiontrabajogrado.domain.service.ProyectoGradoServiceTest" time="0.002"/>
  <testcase name="validarModalidadPracticaProfesional_archivoValido_retornaTrue" classname="co.unicauca.gestiontrabajogrado.domain.service.ProyectoGradoServiceTest" time="0.004"/>
  <testcase name="aprobarFormatoA_proyectoNoExiste_lanzaExcepcion" classname="co.unicauca.gestiontrabajogrado.domain.service.ProyectoGradoServiceTest" time="0.002"/>
  <testcase name="aprobarFormatoA_conObservacionesYEvaluador_guardaCorrectamente" classname="co.unicauca.gestiontrabajogrado.domain.service.ProyectoGradoServiceTest" time="0.014"/>
  <testcase name="crearNuevoProyecto_directorNoExiste_lanzaExcepcion" classname="co.unicauca.gestiontrabajogrado.domain.service.ProyectoGradoServiceTest" time="0.004"/>
  <testcase name="rechazarFormatoA_observacionesNull_seGuardaNull" classname="co.unicauca.gestiontrabajogrado.domain.service.ProyectoGradoServiceTest" time="0.005"/>
  <testcase name="crearNuevoProyecto_requestNull_lanzaExcepcion" classname="co.unicauca.gestiontrabajogrado.domain.service.ProyectoGradoServiceTest" time="0.006"/>
  <testcase name="crearNuevoProyecto_directorIdNull_lanzaExcepcion" classname="co.unicauca.gestiontrabajogrado.domain.service.ProyectoGradoServiceTest" time="0.002"/>
  <testcase name="rechazarFormatoA_primerIntento_cambiaEstadoArechazado" classname="co.unicauca.gestiontrabajogrado.domain.service.ProyectoGradoServiceTest" time="0.005"/>
  <testcase name="investigacion_conCeroEstudiantes_falla" classname="co.unicauca.gestiontrabajogrado.domain.service.ProyectoGradoServiceTest" time="0.006"/>
  <testcase name="subirNuevaVersion_practicaProfesional_sinCarta_lanzaExcepcion" classname="co.unicauca.gestiontrabajogrado.domain.service.ProyectoGradoServiceTest" time="0.004"/>
  <testcase name="practicaProfesional_cartaNoPdf_lanzaExcepcion" classname="co.unicauca.gestiontrabajogrado.domain.service.ProyectoGradoServiceTest" time="0.004"/>
  <testcase name="obtenerProyectosPorDocente_sinProyectos_retornaListaVacia" classname="co.unicauca.gestiontrabajogrado.domain.service.ProyectoGradoServiceTest" time="0.003"/>
  <testcase name="validarModalidadPracticaProfesional_archivoDocx_retornaFalse" classname="co.unicauca.gestiontrabajogrado.domain.service.ProyectoGradoServiceTest" time="0.002"/>
  <testcase name="aprobarFormatoA_practicaProfesional_conCarta_aprueba" classname="co.unicauca.gestiontrabajogrado.domain.service.ProyectoGradoServiceTest" time="0.004"/>
  <testcase name="validarModalidadPracticaProfesional_archivoNull_retornaFalse" classname="co.unicauca.gestiontrabajogrado.domain.service.ProyectoGradoServiceTest" time="0.003"/>
  <testcase name="crearNuevoProyecto_estudianteNoExiste_lanzaExcepcion" classname="co.unicauca.gestiontrabajogrado.domain.service.ProyectoGradoServiceTest" time="0.004"/>
  <testcase name="aprobarFormatoA_evaluadorIdNull_seGuardaNull" classname="co.unicauca.gestiontrabajogrado.domain.service.ProyectoGradoServiceTest" time="0.003"/>
  <testcase name="aprobarFormatoA_observacionesVacias_seGuardanVacias" classname="co.unicauca.gestiontrabajogrado.domain.service.ProyectoGradoServiceTest" time="0.004"/>
  <testcase name="rechazarFormatoA_formatoNoExiste_lanzaExcepcion" classname="co.unicauca.gestiontrabajogrado.domain.service.ProyectoGradoServiceTest" time="0.003"/>
  <testcase name="obtenerProyectosPorDocente_proyectosConDiferentesEstados_retornaTodos" classname="co.unicauca.gestiontrabajogrado.domain.service.ProyectoGradoServiceTest" time="0.004"/>
  <testcase name="obtenerProyectosPorDocente_conProyectos_retornaListaCompleta" classname="co.unicauca.gestiontrabajogrado.domain.service.ProyectoGradoServiceTest" time="0.004"/>
  <testcase name="obtenerProyectosPorDocente_verificarMapeoCompletoDTO" classname="co.unicauca.gestiontrabajogrado.domain.service.ProyectoGradoServiceTest" time="0.004"/>
  <testcase name="subirNuevaVersion_proyectoEnProcesoConVariosIntentos_lanzaExcepcion" classname="co.unicauca.gestiontrabajogrado.domain.service.ProyectoGradoServiceTest" time="0.003"/>
  <testcase name="roles_invalidos_falla" classname="co.unicauca.gestiontrabajogrado.domain.service.ProyectoGradoServiceTest" time="0.003"/>
  <testcase name="aprobarFormatoA_formatoNoExiste_lanzaExcepcion" classname="co.unicauca.gestiontrabajogrado.domain.service.ProyectoGradoServiceTest" time="0.003"/>
  <testcase name="subirNuevaVersion_proyectoRechazadoDefinitivo_lanzaExcepcion" classname="co.unicauca.gestiontrabajogrado.domain.service.ProyectoGradoServiceTest" time="0.003"/>
</testsuite>